<?xml version="1.0" encoding="UTF-8"?>
<testsuite xmlns:xsi="http://www.w3.org/2001/XMLSchema-instance" xsi:noNamespaceSchemaLocation="https://maven.apache.org/surefire/maven-surefire-plugin/xsd/surefire-test-report-3.0.xsd" version="3.0" name="org.argentinaprograma.tema7.PreciosTest" time="0.202" tests="9" errors="0" skipped="0" failures="0">
  <properties>
    <property name="java.specification.version" value="17"/>
    <property name="sun.cpu.isalist" value="amd64"/>
    <property name="sun.jnu.encoding" value="Cp1252"/>
    <property name="java.class.path" value="C:\Users\Dany\Documents\GitHub\ArgentinaPrograma4.0-149\Proyectos Java\tema7\target\test-classes;C:\Users\Dany\Documents\GitHub\ArgentinaPrograma4.0-149\Proyectos Java\tema7\target\classes;C:\Users\Dany\.m2\repository\org\junit\jupiter\junit-jupiter-engine\5.2.0\junit-jupiter-engine-5.2.0.jar;C:\Users\Dany\.m2\repository\org\apiguardian\apiguardian-api\1.0.0\apiguardian-api-1.0.0.jar;C:\Users\Dany\.m2\repository\org\junit\platform\junit-platform-engine\1.2.0\junit-platform-engine-1.2.0.jar;C:\Users\Dany\.m2\repository\org\junit\platform\junit-platform-commons\1.2.0\junit-platform-commons-1.2.0.jar;C:\Users\Dany\.m2\repository\org\opentest4j\opentest4j\1.1.0\opentest4j-1.1.0.jar;C:\Users\Dany\.m2\repository\org\junit\jupiter\junit-jupiter-api\5.2.0\junit-jupiter-api-5.2.0.jar;C:\Users\Dany\.m2\repository\org\junit\platform\junit-platform-runner\1.2.0\junit-platform-runner-1.2.0.jar;C:\Users\Dany\.m2\repository\org\junit\platform\junit-platform-launcher\1.2.0\junit-platform-launcher-1.2.0.jar;C:\Users\Dany\.m2\repository\org\junit\platform\junit-platform-suite-api\1.2.0\junit-platform-suite-api-1.2.0.jar;C:\Users\Dany\.m2\repository\junit\junit\4.12\junit-4.12.jar;C:\Users\Dany\.m2\repository\org\hamcrest\hamcrest-core\1.3\hamcrest-core-1.3.jar;"/>
    <property name="java.vm.vendor" value="Oracle Corporation"/>
    <property name="sun.arch.data.model" value="64"/>
    <property name="user.variant" value=""/>
    <property name="java.vendor.url" value="https://java.oracle.com/"/>
    <property name="user.timezone" value="GMT-03:00"/>
    <property name="os.name" value="Windows 7"/>
    <property name="java.vm.specification.version" value="17"/>
    <property name="sun.java.launcher" value="SUN_STANDARD"/>
    <property name="user.country" value="AR"/>
    <property name="sun.boot.library.path" value="C:\Program Files\Java\jdk-17\bin"/>
    <property name="sun.java.command" value="C:\Users\Dany\AppData\Local\Temp\surefire7974276308401738563\surefirebooter-20230405070318458_3.jar C:\Users\Dany\AppData\Local\Temp\surefire7974276308401738563 2023-04-05T07-03-17_511-jvmRun1 surefire-20230405070318458_1tmp surefire_0-20230405070318458_2tmp"/>
    <property name="jdk.debug" value="release"/>
    <property name="surefire.test.class.path" value="C:\Users\Dany\Documents\GitHub\ArgentinaPrograma4.0-149\Proyectos Java\tema7\target\test-classes;C:\Users\Dany\Documents\GitHub\ArgentinaPrograma4.0-149\Proyectos Java\tema7\target\classes;C:\Users\Dany\.m2\repository\org\junit\jupiter\junit-jupiter-engine\5.2.0\junit-jupiter-engine-5.2.0.jar;C:\Users\Dany\.m2\repository\org\apiguardian\apiguardian-api\1.0.0\apiguardian-api-1.0.0.jar;C:\Users\Dany\.m2\repository\org\junit\platform\junit-platform-engine\1.2.0\junit-platform-engine-1.2.0.jar;C:\Users\Dany\.m2\repository\org\junit\platform\junit-platform-commons\1.2.0\junit-platform-commons-1.2.0.jar;C:\Users\Dany\.m2\repository\org\opentest4j\opentest4j\1.1.0\opentest4j-1.1.0.jar;C:\Users\Dany\.m2\repository\org\junit\jupiter\junit-jupiter-api\5.2.0\junit-jupiter-api-5.2.0.jar;C:\Users\Dany\.m2\repository\org\junit\platform\junit-platform-runner\1.2.0\junit-platform-runner-1.2.0.jar;C:\Users\Dany\.m2\repository\org\junit\platform\junit-platform-launcher\1.2.0\junit-platform-launcher-1.2.0.jar;C:\Users\Dany\.m2\repository\org\junit\platform\junit-platform-suite-api\1.2.0\junit-platform-suite-api-1.2.0.jar;C:\Users\Dany\.m2\repository\junit\junit\4.12\junit-4.12.jar;C:\Users\Dany\.m2\repository\org\hamcrest\hamcrest-core\1.3\hamcrest-core-1.3.jar;"/>
    <property name="sun.cpu.endian" value="little"/>
    <property name="user.home" value="C:\Users\Dany"/>
    <property name="user.language" value="es"/>
    <property name="java.specification.vendor" value="Oracle Corporation"/>
    <property name="java.version.date" value="2023-01-17"/>
    <property name="java.home" value="C:\Program Files\Java\jdk-17"/>
    <property name="file.separator" value="\"/>
    <property name="basedir" value="C:\Users\Dany\Documents\GitHub\ArgentinaPrograma4.0-149\Proyectos Java\tema7"/>
    <property name="java.vm.compressedOopsMode" value="Zero based"/>
    <property name="line.separator" value="&#10;"/>
    <property name="java.vm.specification.vendor" value="Oracle Corporation"/>
    <property name="java.specification.name" value="Java Platform API Specification"/>
    <property name="surefire.real.class.path" value="C:\Users\Dany\AppData\Local\Temp\surefire7974276308401738563\surefirebooter-20230405070318458_3.jar"/>
    <property name="user.script" value=""/>
    <property name="sun.management.compiler" value="HotSpot 64-Bit Tiered Compilers"/>
    <property name="java.runtime.version" value="17.0.6+9-LTS-190"/>
    <property name="user.name" value="Dany"/>
    <property name="path.separator" value=";"/>
    <property name="os.version" value="6.1"/>
    <property name="java.runtime.name" value="Java(TM) SE Runtime Environment"/>
    <property name="file.encoding" value="Cp1252"/>
    <property name="java.vm.name" value="Java HotSpot(TM) 64-Bit Server VM"/>
    <property name="localRepository" value="C:\Users\Dany\.m2\repository"/>
    <property name="java.vendor.url.bug" value="https://bugreport.java.com/bugreport/"/>
    <property name="java.io.tmpdir" value="C:\Users\Dany\AppData\Local\Temp\"/>
    <property name="java.version" value="17.0.6"/>
    <property name="user.dir" value="C:\Users\Dany\Documents\GitHub\ArgentinaPrograma4.0-149\Proyectos Java\tema7"/>
    <property name="os.arch" value="amd64"/>
    <property name="java.vm.specification.name" value="Java Virtual Machine Specification"/>
    <property name="sun.os.patch.level" value="Service Pack 1"/>
    <property name="native.encoding" value="Cp1252"/>
    <property name="java.library.path" value="C:\Program Files\Java\jdk-17\bin;C:\Windows\Sun\Java\bin;C:\Windows\system32;C:\Windows;C:/Users/Dany/.p2/pool/plugins/org.eclipse.justj.openjdk.hotspot.jre.full.win32.x86_64_17.0.3.v20220515-1416/jre/bin/server;C:/Users/Dany/.p2/pool/plugins/org.eclipse.justj.openjdk.hotspot.jre.full.win32.x86_64_17.0.3.v20220515-1416/jre/bin;C:\Program Files (x86)\Common Files\Oracle\Java\javapath;C:\Users\Dany\Documents\apache-maven-3.9.0\bin\;C:\Users\Dany\AppData\Local\Programs\Python\Python37\Scripts\;C:\Users\Dany\AppData\Local\Programs\Python\Python37\;C:\Program Files\Common Files\Microsoft Shared\Windows Live;C:\Users\Dany\AppData\Local\JetBrains\PyCharm Community Edition 2019.2.1\bin;C:\Users\Dany\AppData\Local\GitHubDesktop\bin;C:\Program Files\JetBrains\PyCharm 2021.1.2\bin;;C:\Windows\system32;;."/>
    <property name="java.vm.info" value="mixed mode, sharing"/>
    <property name="java.vendor" value="Oracle Corporation"/>
    <property name="java.vm.version" value="17.0.6+9-LTS-190"/>
    <property name="sun.io.unicode.encoding" value="UnicodeLittle"/>
    <property name="java.class.version" value="61.0"/>
  </properties>
  <testcase name="costoFinalBienCalculadoUsandoMapeoDescuentoFijo" classname="org.argentinaprograma.tema7.PreciosTest" time="0.141">
    <system-out><![CDATA[Antes armar carrito
Despues armar carrito
Cantidad	Precio Unitario		Producto
--------	---------------		--------
   6		250.6			Oreo
   4		630.6			Mortadela
   8		630.6			Mortadela
   9		133.9			Fideos
   8		630.6			Mortadela
   4		10.5			Jabon
SE USO AFTER. precioFinalTest: 15362.7
]]></system-out>
  </testcase>
  <testcase name="costoFinalBienCalculadoUsandoIterator" classname="org.argentinaprograma.tema7.PreciosTest" time="0.008">
    <system-out><![CDATA[Antes armar carrito
Despues armar carrito
Cantidad	Precio Unitario		Producto
--------	---------------		--------
   9		10.5			Jabon
   2		150.3			Aceite
   7		150.3			Aceite
   2		630.6			Mortadela
   8		250.6			Oreo
   7		150.3			Aceite
SE USO AFTER. precioFinalTest: 5765.3
]]></system-out>
  </testcase>
  <testcase name="costoFinalBienCalculadoUsandoForDescuentoPorcentaje" classname="org.argentinaprograma.tema7.PreciosTest" time="0.008">
    <system-out><![CDATA[Antes armar carrito
Despues armar carrito
Cantidad	Precio Unitario		Producto
--------	---------------		--------
   4		10.5			Jabon
   3		630.6			Mortadela
   3		133.9			Fideos
   6		150.3			Aceite
   8		133.9			Fideos
   2		10.5			Jabon
SE USO AFTER. precioFinalTest: 4329.5
]]></system-out>
  </testcase>
  <testcase name="siAplicaDescuentoConTopeYElDescuentoEsSuperiorAlMaximoPermitidoSeAplicaTopeDeDescuento" classname="org.argentinaprograma.tema7.PreciosTest" time="0.004">
    <system-out><![CDATA[Antes armar carrito
Despues armar carrito
Cantidad	Precio Unitario		Producto
--------	---------------		--------
   1		150.3			Aceite
   10		133.9			Fideos
   5		10.5			Jabon
   6		630.6			Mortadela
   2		250.6			Oreo
   8		150.3			Aceite
SE USO AFTER. precioFinalTest: 7029.0
]]></system-out>
  </testcase>
  <testcase name="costoFinalBienCalculadoUsandoIteratorDescuentoPorcentaje" classname="org.argentinaprograma.tema7.PreciosTest" time="0.004">
    <system-out><![CDATA[Antes armar carrito
Despues armar carrito
Cantidad	Precio Unitario		Producto
--------	---------------		--------
   4		250.6			Oreo
   3		233.6			Leche
   9		233.6			Leche
   10		133.9			Fideos
   1		630.6			Mortadela
   4		150.3			Aceite
SE USO AFTER. precioFinalTest: 6376.4
]]></system-out>
  </testcase>
  <testcase name="costoFinalBienCalculadoUsandoFor" classname="org.argentinaprograma.tema7.PreciosTest" time="0.004">
    <system-out><![CDATA[Antes armar carrito
Despues armar carrito
Cantidad	Precio Unitario		Producto
--------	---------------		--------
   6		133.9			Fideos
   6		10.5			Jabon
   3		10.5			Jabon
   1		630.6			Mortadela
   3		133.9			Fideos
   2		250.6			Oreo
SE USO AFTER. precioFinalTest: 2431.4
]]></system-out>
  </testcase>
  <testcase name="costoFinalBienCalculadoUsandoIteratorDescuentoFijo" classname="org.argentinaprograma.tema7.PreciosTest" time="0.002">
    <system-out><![CDATA[Antes armar carrito
Despues armar carrito
Cantidad	Precio Unitario		Producto
--------	---------------		--------
   9		250.6			Oreo
   8		150.3			Aceite
   5		133.9			Fideos
   1		250.6			Oreo
   2		133.9			Fideos
   7		133.9			Fideos
SE USO AFTER. precioFinalTest: 5583.0
]]></system-out>
  </testcase>
  <testcase name="costoFinalBienCalculadoUsandoMapeo" classname="org.argentinaprograma.tema7.PreciosTest" time="0.005">
    <system-out><![CDATA[Antes armar carrito
Despues armar carrito
Cantidad	Precio Unitario		Producto
--------	---------------		--------
   4		630.6			Mortadela
   1		630.6			Mortadela
   5		630.6			Mortadela
   10		133.9			Fideos
   6		250.6			Oreo
   4		233.6			Leche
SE USO AFTER. precioFinalTest: 10083.0
]]></system-out>
  </testcase>
  <testcase name="siAplicaDescuentoConTopeYElDescuentoEsMenorAlMaximoPermitidoSeAplicaElDescuentoPedido" classname="org.argentinaprograma.tema7.PreciosTest" time="0.004">
    <system-out><![CDATA[Antes armar carrito
Despues armar carrito
Cantidad	Precio Unitario		Producto
--------	---------------		--------
   10		133.9			Fideos
   4		133.9			Fideos
   6		150.3			Aceite
   4		250.6			Oreo
   4		133.9			Fideos
   5		630.6			Mortadela
SE USO AFTER. precioFinalTest: 7467.4
]]></system-out>
  </testcase>
</testsuite>